<?xml version="1.0" encoding="UTF-8"?>
<!-- Generated by org.testng.reporters.JUnitReportReporter -->
<testsuite hostname="DESKTOP-M9CCQKB" name="com.ardublock.MainTest" tests="2" failures="0" timestamp="18 Jun 2018 13:45:09 GMT" time="0.001" errors="0">
  <testcase name="testFiles" time="0.001" classname="com.ardublock.MainTest"/>
  <testcase name="testSingleLoop" time="0.000" classname="com.ardublock.MainTest"/>
</testsuite>
