<?xml version="1.0" encoding="UTF-8"?>
<!-- Generated by org.testng.reporters.JUnitReportReporter -->
<testsuite hostname="DESKTOP-VG8HBAT" name="com.ardublock.MainTest" tests="2" failures="0" timestamp="16 Jun 2018 11:04:22 GMT" time="0.000" errors="0">
  <testcase name="testFiles" time="0.000" classname="com.ardublock.MainTest"/>
  <testcase name="testSingleLoop" time="0.000" classname="com.ardublock.MainTest"/>
</testsuite>
